{"D:\\Coding\\nebulla\\services\\notesService.ts": {"path":"D:\\Coding\\nebulla\\services\\notesService.ts","statementMap":{"0":{"start":{"line":13,"column":22},"end":{"line":34,"column":null}},"1":{"start":{"line":13,"column":43},"end":{"line":34,"column":null}},"2":{"start":{"line":38,"column":28},"end":{"line":258,"column":null}},"3":{"start":{"line":41,"column":35},"end":{"line":41,"column":null}},"4":{"start":{"line":42,"column":8},"end":{"line":42,"column":null}},"5":{"start":{"line":42,"column":19},"end":{"line":42,"column":null}},"6":{"start":{"line":44,"column":30},"end":{"line":44,"column":null}},"7":{"start":{"line":46,"column":8},"end":{"line":72,"column":null}},"8":{"start":{"line":50,"column":36},"end":{"line":54,"column":null}},"9":{"start":{"line":61,"column":65},"end":{"line":65,"column":null}},"10":{"start":{"line":67,"column":12},"end":{"line":70,"column":null}},"11":{"start":{"line":68,"column":16},"end":{"line":68,"column":null}},"12":{"start":{"line":69,"column":16},"end":{"line":69,"column":null}},"13":{"start":{"line":71,"column":12},"end":{"line":71,"column":null}},"14":{"start":{"line":74,"column":8},"end":{"line":74,"column":null}},"15":{"start":{"line":79,"column":35},"end":{"line":79,"column":null}},"16":{"start":{"line":80,"column":8},"end":{"line":80,"column":null}},"17":{"start":{"line":80,"column":19},"end":{"line":80,"column":null}},"18":{"start":{"line":82,"column":32},"end":{"line":86,"column":null}},"19":{"start":{"line":88,"column":8},"end":{"line":88,"column":null}},"20":{"start":{"line":88,"column":19},"end":{"line":88,"column":null}},"21":{"start":{"line":89,"column":8},"end":{"line":89,"column":null}},"22":{"start":{"line":94,"column":32},"end":{"line":94,"column":null}},"23":{"start":{"line":96,"column":8},"end":{"line":102,"column":null}},"24":{"start":{"line":97,"column":24},"end":{"line":97,"column":null}},"25":{"start":{"line":99,"column":12},"end":{"line":101,"column":null}},"26":{"start":{"line":100,"column":16},"end":{"line":100,"column":null}},"27":{"start":{"line":105,"column":32},"end":{"line":120,"column":null}},"28":{"start":{"line":123,"column":8},"end":{"line":125,"column":null}},"29":{"start":{"line":124,"column":12},"end":{"line":124,"column":null}},"30":{"start":{"line":128,"column":32},"end":{"line":132,"column":null}},"31":{"start":{"line":134,"column":8},"end":{"line":137,"column":null}},"32":{"start":{"line":135,"column":12},"end":{"line":135,"column":null}},"33":{"start":{"line":136,"column":12},"end":{"line":136,"column":null}},"34":{"start":{"line":139,"column":8},"end":{"line":139,"column":null}},"35":{"start":{"line":143,"column":35},"end":{"line":143,"column":null}},"36":{"start":{"line":144,"column":8},"end":{"line":144,"column":null}},"37":{"start":{"line":144,"column":19},"end":{"line":144,"column":null}},"38":{"start":{"line":149,"column":31},"end":{"line":151,"column":null}},"39":{"start":{"line":152,"column":8},"end":{"line":152,"column":null}},"40":{"start":{"line":154,"column":26},"end":{"line":175,"column":null}},"41":{"start":{"line":177,"column":8},"end":{"line":177,"column":null}},"42":{"start":{"line":177,"column":19},"end":{"line":177,"column":null}},"43":{"start":{"line":178,"column":8},"end":{"line":178,"column":null}},"44":{"start":{"line":182,"column":35},"end":{"line":182,"column":null}},"45":{"start":{"line":183,"column":8},"end":{"line":183,"column":null}},"46":{"start":{"line":183,"column":19},"end":{"line":183,"column":null}},"47":{"start":{"line":185,"column":26},"end":{"line":191,"column":null}},"48":{"start":{"line":193,"column":8},"end":{"line":193,"column":null}},"49":{"start":{"line":193,"column":19},"end":{"line":193,"column":null}},"50":{"start":{"line":198,"column":26},"end":{"line":201,"column":null}},"51":{"start":{"line":203,"column":8},"end":{"line":203,"column":null}},"52":{"start":{"line":203,"column":19},"end":{"line":203,"column":null}},"53":{"start":{"line":207,"column":35},"end":{"line":207,"column":null}},"54":{"start":{"line":208,"column":8},"end":{"line":208,"column":null}},"55":{"start":{"line":208,"column":19},"end":{"line":208,"column":null}},"56":{"start":{"line":210,"column":26},"end":{"line":214,"column":null}},"57":{"start":{"line":216,"column":8},"end":{"line":216,"column":null}},"58":{"start":{"line":216,"column":19},"end":{"line":216,"column":null}},"59":{"start":{"line":221,"column":35},"end":{"line":221,"column":null}},"60":{"start":{"line":222,"column":8},"end":{"line":222,"column":null}},"61":{"start":{"line":222,"column":19},"end":{"line":222,"column":null}},"62":{"start":{"line":224,"column":32},"end":{"line":227,"column":null}},"63":{"start":{"line":229,"column":8},"end":{"line":229,"column":null}},"64":{"start":{"line":229,"column":19},"end":{"line":229,"column":null}},"65":{"start":{"line":230,"column":8},"end":{"line":230,"column":null}},"66":{"start":{"line":234,"column":35},"end":{"line":234,"column":null}},"67":{"start":{"line":235,"column":8},"end":{"line":235,"column":null}},"68":{"start":{"line":235,"column":19},"end":{"line":235,"column":null}},"69":{"start":{"line":237,"column":32},"end":{"line":244,"column":null}},"70":{"start":{"line":246,"column":8},"end":{"line":246,"column":null}},"71":{"start":{"line":246,"column":19},"end":{"line":246,"column":null}},"72":{"start":{"line":247,"column":8},"end":{"line":247,"column":null}},"73":{"start":{"line":251,"column":26},"end":{"line":254,"column":null}},"74":{"start":{"line":256,"column":8},"end":{"line":256,"column":null}},"75":{"start":{"line":256,"column":19},"end":{"line":256,"column":null}}},"fnMap":{"0":{"name":"(anonymous_0)","decl":{"start":{"line":13,"column":22},"end":{"line":13,"column":23}},"loc":{"start":{"line":13,"column":43},"end":{"line":34,"column":null}},"line":13},"1":{"name":"(anonymous_1)","decl":{"start":{"line":40,"column":10},"end":{"line":40,"column":23}},"loc":{"start":{"line":40,"column":23},"end":{"line":75,"column":null}},"line":40},"2":{"name":"(anonymous_2)","decl":{"start":{"line":78,"column":10},"end":{"line":78,"column":23}},"loc":{"start":{"line":78,"column":23},"end":{"line":90,"column":null}},"line":78},"3":{"name":"(anonymous_3)","decl":{"start":{"line":92,"column":10},"end":{"line":92,"column":21}},"loc":{"start":{"line":92,"column":58},"end":{"line":140,"column":null}},"line":92},"4":{"name":"(anonymous_4)","decl":{"start":{"line":142,"column":10},"end":{"line":142,"column":21}},"loc":{"start":{"line":142,"column":33},"end":{"line":179,"column":null}},"line":142},"5":{"name":"(anonymous_5)","decl":{"start":{"line":181,"column":10},"end":{"line":181,"column":20}},"loc":{"start":{"line":181,"column":36},"end":{"line":194,"column":null}},"line":181},"6":{"name":"(anonymous_6)","decl":{"start":{"line":197,"column":10},"end":{"line":197,"column":21}},"loc":{"start":{"line":197,"column":37},"end":{"line":204,"column":null}},"line":197},"7":{"name":"(anonymous_7)","decl":{"start":{"line":206,"column":10},"end":{"line":206,"column":23}},"loc":{"start":{"line":206,"column":23},"end":{"line":217,"column":null}},"line":206},"8":{"name":"(anonymous_8)","decl":{"start":{"line":220,"column":10},"end":{"line":220,"column":25}},"loc":{"start":{"line":220,"column":25},"end":{"line":231,"column":null}},"line":220},"9":{"name":"(anonymous_9)","decl":{"start":{"line":233,"column":10},"end":{"line":233,"column":23}},"loc":{"start":{"line":233,"column":37},"end":{"line":248,"column":null}},"line":233},"10":{"name":"(anonymous_10)","decl":{"start":{"line":250,"column":10},"end":{"line":250,"column":23}},"loc":{"start":{"line":250,"column":41},"end":{"line":257,"column":null}},"line":250}},"branchMap":{"0":{"loc":{"start":{"line":15,"column":11},"end":{"line":15,"column":null}},"type":"binary-expr","locations":[{"start":{"line":15,"column":11},"end":{"line":15,"column":24}},{"start":{"line":15,"column":24},"end":{"line":15,"column":null}}],"line":15},"1":{"loc":{"start":{"line":16,"column":13},"end":{"line":16,"column":null}},"type":"binary-expr","locations":[{"start":{"line":16,"column":13},"end":{"line":16,"column":27}},{"start":{"line":16,"column":27},"end":{"line":16,"column":null}}],"line":16},"2":{"loc":{"start":{"line":17,"column":12},"end":{"line":17,"column":null}},"type":"binary-expr","locations":[{"start":{"line":17,"column":12},"end":{"line":17,"column":26}},{"start":{"line":17,"column":26},"end":{"line":17,"column":null}}],"line":17},"3":{"loc":{"start":{"line":18,"column":12},"end":{"line":18,"column":null}},"type":"binary-expr","locations":[{"start":{"line":18,"column":12},"end":{"line":18,"column":29}},{"start":{"line":18,"column":29},"end":{"line":18,"column":null}}],"line":18},"4":{"loc":{"start":{"line":19,"column":14},"end":{"line":19,"column":null}},"type":"binary-expr","locations":[{"start":{"line":19,"column":14},"end":{"line":19,"column":31}},{"start":{"line":19,"column":31},"end":{"line":19,"column":null}}],"line":19},"5":{"loc":{"start":{"line":20,"column":10},"end":{"line":20,"column":null}},"type":"binary-expr","locations":[{"start":{"line":20,"column":10},"end":{"line":20,"column":22}},{"start":{"line":20,"column":22},"end":{"line":20,"column":null}}],"line":20},"6":{"loc":{"start":{"line":21,"column":16},"end":{"line":21,"column":null}},"type":"binary-expr","locations":[{"start":{"line":21,"column":16},"end":{"line":21,"column":35}},{"start":{"line":21,"column":35},"end":{"line":21,"column":null}}],"line":21},"7":{"loc":{"start":{"line":22,"column":15},"end":{"line":22,"column":null}},"type":"binary-expr","locations":[{"start":{"line":22,"column":15},"end":{"line":22,"column":33}},{"start":{"line":22,"column":33},"end":{"line":22,"column":null}}],"line":22},"8":{"loc":{"start":{"line":25,"column":18},"end":{"line":25,"column":null}},"type":"binary-expr","locations":[{"start":{"line":25,"column":18},"end":{"line":25,"column":40}},{"start":{"line":25,"column":40},"end":{"line":25,"column":null}}],"line":25},"9":{"loc":{"start":{"line":27,"column":10},"end":{"line":27,"column":null}},"type":"binary-expr","locations":[{"start":{"line":27,"column":10},"end":{"line":27,"column":22}},{"start":{"line":27,"column":22},"end":{"line":27,"column":null}}],"line":27},"10":{"loc":{"start":{"line":28,"column":15},"end":{"line":28,"column":null}},"type":"binary-expr","locations":[{"start":{"line":28,"column":15},"end":{"line":28,"column":32}},{"start":{"line":28,"column":32},"end":{"line":28,"column":null}}],"line":28},"11":{"loc":{"start":{"line":29,"column":20},"end":{"line":29,"column":null}},"type":"binary-expr","locations":[{"start":{"line":29,"column":20},"end":{"line":29,"column":42}},{"start":{"line":29,"column":42},"end":{"line":29,"column":null}}],"line":29},"12":{"loc":{"start":{"line":31,"column":16},"end":{"line":31,"column":null}},"type":"binary-expr","locations":[{"start":{"line":31,"column":16},"end":{"line":31,"column":34}},{"start":{"line":31,"column":34},"end":{"line":31,"column":null}}],"line":31},"13":{"loc":{"start":{"line":32,"column":19},"end":{"line":32,"column":null}},"type":"binary-expr","locations":[{"start":{"line":32,"column":19},"end":{"line":32,"column":40}},{"start":{"line":32,"column":40},"end":{"line":32,"column":null}}],"line":32},"14":{"loc":{"start":{"line":33,"column":19},"end":{"line":33,"column":null}},"type":"binary-expr","locations":[{"start":{"line":33,"column":19},"end":{"line":33,"column":40}},{"start":{"line":33,"column":40},"end":{"line":33,"column":null}}],"line":33},"15":{"loc":{"start":{"line":42,"column":8},"end":{"line":42,"column":null}},"type":"if","locations":[{"start":{"line":42,"column":8},"end":{"line":42,"column":null}},{"start":{},"end":{}}],"line":42},"16":{"loc":{"start":{"line":46,"column":8},"end":{"line":72,"column":null}},"type":"if","locations":[{"start":{"line":46,"column":8},"end":{"line":72,"column":null}},{"start":{},"end":{}}],"line":46},"17":{"loc":{"start":{"line":46,"column":12},"end":{"line":46,"column":48}},"type":"binary-expr","locations":[{"start":{"line":46,"column":12},"end":{"line":46,"column":21}},{"start":{"line":46,"column":21},"end":{"line":46,"column":48}}],"line":46},"18":{"loc":{"start":{"line":52,"column":27},"end":{"line":52,"column":null}},"type":"binary-expr","locations":[{"start":{"line":52,"column":27},"end":{"line":52,"column":60}},{"start":{"line":52,"column":60},"end":{"line":52,"column":null}}],"line":52},"19":{"loc":{"start":{"line":67,"column":12},"end":{"line":70,"column":null}},"type":"if","locations":[{"start":{"line":67,"column":12},"end":{"line":70,"column":null}},{"start":{},"end":{}}],"line":67},"20":{"loc":{"start":{"line":80,"column":8},"end":{"line":80,"column":null}},"type":"if","locations":[{"start":{"line":80,"column":8},"end":{"line":80,"column":null}},{"start":{},"end":{}}],"line":80},"21":{"loc":{"start":{"line":88,"column":8},"end":{"line":88,"column":null}},"type":"if","locations":[{"start":{"line":88,"column":8},"end":{"line":88,"column":null}},{"start":{},"end":{}}],"line":88},"22":{"loc":{"start":{"line":89,"column":16},"end":{"line":89,"column":28}},"type":"binary-expr","locations":[{"start":{"line":89,"column":16},"end":{"line":89,"column":24}},{"start":{"line":89,"column":24},"end":{"line":89,"column":28}}],"line":89},"23":{"loc":{"start":{"line":96,"column":8},"end":{"line":102,"column":null}},"type":"if","locations":[{"start":{"line":96,"column":8},"end":{"line":102,"column":null}},{"start":{},"end":{}}],"line":96},"24":{"loc":{"start":{"line":99,"column":12},"end":{"line":101,"column":null}},"type":"if","locations":[{"start":{"line":99,"column":12},"end":{"line":101,"column":null}},{"start":{},"end":{}}],"line":99},"25":{"loc":{"start":{"line":99,"column":16},"end":{"line":99,"column":69}},"type":"binary-expr","locations":[{"start":{"line":99,"column":16},"end":{"line":99,"column":30}},{"start":{"line":99,"column":30},"end":{"line":99,"column":48}},{"start":{"line":99,"column":48},"end":{"line":99,"column":69}}],"line":99},"26":{"loc":{"start":{"line":107,"column":19},"end":{"line":107,"column":null}},"type":"binary-expr","locations":[{"start":{"line":107,"column":19},"end":{"line":107,"column":33}},{"start":{"line":107,"column":33},"end":{"line":107,"column":null}}],"line":107},"27":{"loc":{"start":{"line":108,"column":20},"end":{"line":108,"column":null}},"type":"binary-expr","locations":[{"start":{"line":108,"column":20},"end":{"line":108,"column":36}},{"start":{"line":108,"column":36},"end":{"line":108,"column":51}},{"start":{"line":108,"column":51},"end":{"line":108,"column":null}}],"line":108},"28":{"loc":{"start":{"line":109,"column":24},"end":{"line":109,"column":null}},"type":"cond-expr","locations":[{"start":{"line":109,"column":68},"end":{"line":109,"column":82}},{"start":{"line":109,"column":82},"end":{"line":109,"column":null}}],"line":109},"29":{"loc":{"start":{"line":109,"column":24},"end":{"line":109,"column":68}},"type":"binary-expr","locations":[{"start":{"line":109,"column":24},"end":{"line":109,"column":39}},{"start":{"line":109,"column":39},"end":{"line":109,"column":68}}],"line":109},"30":{"loc":{"start":{"line":111,"column":18},"end":{"line":111,"column":null}},"type":"binary-expr","locations":[{"start":{"line":111,"column":18},"end":{"line":111,"column":31}},{"start":{"line":111,"column":31},"end":{"line":111,"column":null}}],"line":111},"31":{"loc":{"start":{"line":112,"column":25},"end":{"line":112,"column":null}},"type":"binary-expr","locations":[{"start":{"line":112,"column":25},"end":{"line":112,"column":44}},{"start":{"line":112,"column":44},"end":{"line":112,"column":null}}],"line":112},"32":{"loc":{"start":{"line":113,"column":24},"end":{"line":113,"column":null}},"type":"binary-expr","locations":[{"start":{"line":113,"column":24},"end":{"line":113,"column":42}},{"start":{"line":113,"column":42},"end":{"line":113,"column":null}}],"line":113},"33":{"loc":{"start":{"line":117,"column":24},"end":{"line":117,"column":null}},"type":"binary-expr","locations":[{"start":{"line":117,"column":24},"end":{"line":117,"column":43}},{"start":{"line":117,"column":43},"end":{"line":117,"column":null}}],"line":117},"34":{"loc":{"start":{"line":118,"column":27},"end":{"line":118,"column":null}},"type":"binary-expr","locations":[{"start":{"line":118,"column":27},"end":{"line":118,"column":49}},{"start":{"line":118,"column":49},"end":{"line":118,"column":null}}],"line":118},"35":{"loc":{"start":{"line":119,"column":27},"end":{"line":119,"column":null}},"type":"binary-expr","locations":[{"start":{"line":119,"column":27},"end":{"line":119,"column":49}},{"start":{"line":119,"column":49},"end":{"line":119,"column":null}}],"line":119},"36":{"loc":{"start":{"line":123,"column":8},"end":{"line":125,"column":null}},"type":"if","locations":[{"start":{"line":123,"column":8},"end":{"line":125,"column":null}},{"start":{},"end":{}}],"line":123},"37":{"loc":{"start":{"line":123,"column":12},"end":{"line":123,"column":46}},"type":"binary-expr","locations":[{"start":{"line":123,"column":12},"end":{"line":123,"column":23}},{"start":{"line":123,"column":23},"end":{"line":123,"column":46}}],"line":123},"38":{"loc":{"start":{"line":134,"column":8},"end":{"line":137,"column":null}},"type":"if","locations":[{"start":{"line":134,"column":8},"end":{"line":137,"column":null}},{"start":{},"end":{}}],"line":134},"39":{"loc":{"start":{"line":144,"column":8},"end":{"line":144,"column":null}},"type":"if","locations":[{"start":{"line":144,"column":8},"end":{"line":144,"column":null}},{"start":{},"end":{}}],"line":144},"40":{"loc":{"start":{"line":149,"column":31},"end":{"line":151,"column":null}},"type":"cond-expr","locations":[{"start":{"line":150,"column":14},"end":{"line":150,"column":null}},{"start":{"line":151,"column":14},"end":{"line":151,"column":null}}],"line":149},"41":{"loc":{"start":{"line":151,"column":29},"end":{"line":151,"column":47}},"type":"binary-expr","locations":[{"start":{"line":151,"column":29},"end":{"line":151,"column":45}},{"start":{"line":151,"column":45},"end":{"line":151,"column":47}}],"line":151},"42":{"loc":{"start":{"line":158,"column":24},"end":{"line":158,"column":null}},"type":"binary-expr","locations":[{"start":{"line":158,"column":24},"end":{"line":158,"column":40}},{"start":{"line":158,"column":40},"end":{"line":158,"column":55}},{"start":{"line":158,"column":55},"end":{"line":158,"column":null}}],"line":158},"43":{"loc":{"start":{"line":159,"column":27},"end":{"line":159,"column":null}},"type":"binary-expr","locations":[{"start":{"line":159,"column":27},"end":{"line":159,"column":42}},{"start":{"line":159,"column":42},"end":{"line":159,"column":null}}],"line":159},"44":{"loc":{"start":{"line":160,"column":27},"end":{"line":160,"column":null}},"type":"binary-expr","locations":[{"start":{"line":160,"column":27},"end":{"line":160,"column":44}},{"start":{"line":160,"column":44},"end":{"line":160,"column":null}}],"line":160},"45":{"loc":{"start":{"line":167,"column":22},"end":{"line":167,"column":null}},"type":"binary-expr","locations":[{"start":{"line":167,"column":22},"end":{"line":167,"column":35}},{"start":{"line":167,"column":35},"end":{"line":167,"column":null}}],"line":167},"46":{"loc":{"start":{"line":168,"column":27},"end":{"line":168,"column":null}},"type":"binary-expr","locations":[{"start":{"line":168,"column":27},"end":{"line":168,"column":45}},{"start":{"line":168,"column":45},"end":{"line":168,"column":null}}],"line":168},"47":{"loc":{"start":{"line":169,"column":32},"end":{"line":169,"column":null}},"type":"binary-expr","locations":[{"start":{"line":169,"column":32},"end":{"line":169,"column":55}},{"start":{"line":169,"column":55},"end":{"line":169,"column":null}}],"line":169},"48":{"loc":{"start":{"line":177,"column":8},"end":{"line":177,"column":null}},"type":"if","locations":[{"start":{"line":177,"column":8},"end":{"line":177,"column":null}},{"start":{},"end":{}}],"line":177},"49":{"loc":{"start":{"line":183,"column":8},"end":{"line":183,"column":null}},"type":"if","locations":[{"start":{"line":183,"column":8},"end":{"line":183,"column":null}},{"start":{},"end":{}}],"line":183},"50":{"loc":{"start":{"line":193,"column":8},"end":{"line":193,"column":null}},"type":"if","locations":[{"start":{"line":193,"column":8},"end":{"line":193,"column":null}},{"start":{},"end":{}}],"line":193},"51":{"loc":{"start":{"line":203,"column":8},"end":{"line":203,"column":null}},"type":"if","locations":[{"start":{"line":203,"column":8},"end":{"line":203,"column":null}},{"start":{},"end":{}}],"line":203},"52":{"loc":{"start":{"line":208,"column":8},"end":{"line":208,"column":null}},"type":"if","locations":[{"start":{"line":208,"column":8},"end":{"line":208,"column":null}},{"start":{},"end":{}}],"line":208},"53":{"loc":{"start":{"line":216,"column":8},"end":{"line":216,"column":null}},"type":"if","locations":[{"start":{"line":216,"column":8},"end":{"line":216,"column":null}},{"start":{},"end":{}}],"line":216},"54":{"loc":{"start":{"line":222,"column":8},"end":{"line":222,"column":null}},"type":"if","locations":[{"start":{"line":222,"column":8},"end":{"line":222,"column":null}},{"start":{},"end":{}}],"line":222},"55":{"loc":{"start":{"line":229,"column":8},"end":{"line":229,"column":null}},"type":"if","locations":[{"start":{"line":229,"column":8},"end":{"line":229,"column":null}},{"start":{},"end":{}}],"line":229},"56":{"loc":{"start":{"line":230,"column":15},"end":{"line":230,"column":null}},"type":"binary-expr","locations":[{"start":{"line":230,"column":15},"end":{"line":230,"column":23}},{"start":{"line":230,"column":23},"end":{"line":230,"column":null}}],"line":230},"57":{"loc":{"start":{"line":235,"column":8},"end":{"line":235,"column":null}},"type":"if","locations":[{"start":{"line":235,"column":8},"end":{"line":235,"column":null}},{"start":{},"end":{}}],"line":235},"58":{"loc":{"start":{"line":246,"column":8},"end":{"line":246,"column":null}},"type":"if","locations":[{"start":{"line":246,"column":8},"end":{"line":246,"column":null}},{"start":{},"end":{}}],"line":246},"59":{"loc":{"start":{"line":256,"column":8},"end":{"line":256,"column":null}},"type":"if","locations":[{"start":{"line":256,"column":8},"end":{"line":256,"column":null}},{"start":{},"end":{}}],"line":256}},"s":{"0":1,"1":7,"2":1,"3":0,"4":0,"5":0,"6":0,"7":0,"8":0,"9":0,"10":0,"11":0,"12":0,"13":0,"14":0,"15":3,"16":3,"17":1,"18":2,"19":2,"20":1,"21":1,"22":6,"23":6,"24":2,"25":2,"26":1,"27":6,"28":6,"29":0,"30":6,"31":6,"32":0,"33":0,"34":6,"35":2,"36":2,"37":0,"38":2,"39":2,"40":2,"41":2,"42":0,"43":2,"44":1,"45":1,"46":0,"47":1,"48":1,"49":0,"50":1,"51":1,"52":0,"53":1,"54":1,"55":0,"56":1,"57":1,"58":0,"59":1,"60":1,"61":0,"62":1,"63":1,"64":0,"65":1,"66":1,"67":1,"68":0,"69":1,"70":1,"71":0,"72":1,"73":1,"74":1,"75":0},"f":{"0":7,"1":0,"2":3,"3":6,"4":2,"5":1,"6":1,"7":1,"8":1,"9":1,"10":1},"b":{"0":[7,0],"1":[7,0],"2":[7,0],"3":[7,7],"4":[7,6],"5":[7,0],"6":[7,7],"7":[7,7],"8":[7,0],"9":[7,7],"10":[7,7],"11":[7,0],"12":[7,0],"13":[7,7],"14":[7,7],"15":[0,0],"16":[0,0],"17":[0,0],"18":[0,0],"19":[0,0],"20":[1,2],"21":[1,1],"22":[1,0],"23":[2,4],"24":[1,1],"25":[2,2,1],"26":[6,0],"27":[6,0,0],"28":[0,6],"29":[6,0],"30":[6,6],"31":[6,6],"32":[6,6],"33":[6,5],"34":[6,5],"35":[6,5],"36":[0,6],"37":[6,0],"38":[0,6],"39":[0,2],"40":[2,0],"41":[0,0],"42":[2,0,0],"43":[2,2],"44":[2,2],"45":[2,2],"46":[2,2],"47":[2,2],"48":[0,2],"49":[0,1],"50":[0,1],"51":[0,1],"52":[0,1],"53":[0,1],"54":[0,1],"55":[0,1],"56":[1,0],"57":[0,1],"58":[0,1],"59":[0,1]},"meta":{"lastBranch":60,"lastFunction":11,"lastStatement":76,"seen":{"s:13:22:34:Infinity":0,"f:13:22:13:23":0,"s:13:43:34:Infinity":1,"b:15:11:15:24:15:24:15:Infinity":0,"b:16:13:16:27:16:27:16:Infinity":1,"b:17:12:17:26:17:26:17:Infinity":2,"b:18:12:18:29:18:29:18:Infinity":3,"b:19:14:19:31:19:31:19:Infinity":4,"b:20:10:20:22:20:22:20:Infinity":5,"b:21:16:21:35:21:35:21:Infinity":6,"b:22:15:22:33:22:33:22:Infinity":7,"b:25:18:25:40:25:40:25:Infinity":8,"b:27:10:27:22:27:22:27:Infinity":9,"b:28:15:28:32:28:32:28:Infinity":10,"b:29:20:29:42:29:42:29:Infinity":11,"b:31:16:31:34:31:34:31:Infinity":12,"b:32:19:32:40:32:40:32:Infinity":13,"b:33:19:33:40:33:40:33:Infinity":14,"s:38:28:258:Infinity":2,"f:40:10:40:23":1,"s:41:35:41:Infinity":3,"b:42:8:42:Infinity:undefined:undefined:undefined:undefined":15,"s:42:8:42:Infinity":4,"s:42:19:42:Infinity":5,"s:44:30:44:Infinity":6,"b:46:8:72:Infinity:undefined:undefined:undefined:undefined":16,"s:46:8:72:Infinity":7,"b:46:12:46:21:46:21:46:48":17,"s:50:36:54:Infinity":8,"b:52:27:52:60:52:60:52:Infinity":18,"s:61:65:65:Infinity":9,"b:67:12:70:Infinity:undefined:undefined:undefined:undefined":19,"s:67:12:70:Infinity":10,"s:68:16:68:Infinity":11,"s:69:16:69:Infinity":12,"s:71:12:71:Infinity":13,"s:74:8:74:Infinity":14,"f:78:10:78:23":2,"s:79:35:79:Infinity":15,"b:80:8:80:Infinity:undefined:undefined:undefined:undefined":20,"s:80:8:80:Infinity":16,"s:80:19:80:Infinity":17,"s:82:32:86:Infinity":18,"b:88:8:88:Infinity:undefined:undefined:undefined:undefined":21,"s:88:8:88:Infinity":19,"s:88:19:88:Infinity":20,"s:89:8:89:Infinity":21,"b:89:16:89:24:89:24:89:28":22,"f:92:10:92:21":3,"s:94:32:94:Infinity":22,"b:96:8:102:Infinity:undefined:undefined:undefined:undefined":23,"s:96:8:102:Infinity":23,"s:97:24:97:Infinity":24,"b:99:12:101:Infinity:undefined:undefined:undefined:undefined":24,"s:99:12:101:Infinity":25,"b:99:16:99:30:99:30:99:48:99:48:99:69":25,"s:100:16:100:Infinity":26,"s:105:32:120:Infinity":27,"b:107:19:107:33:107:33:107:Infinity":26,"b:108:20:108:36:108:36:108:51:108:51:108:Infinity":27,"b:109:68:109:82:109:82:109:Infinity":28,"b:109:24:109:39:109:39:109:68":29,"b:111:18:111:31:111:31:111:Infinity":30,"b:112:25:112:44:112:44:112:Infinity":31,"b:113:24:113:42:113:42:113:Infinity":32,"b:117:24:117:43:117:43:117:Infinity":33,"b:118:27:118:49:118:49:118:Infinity":34,"b:119:27:119:49:119:49:119:Infinity":35,"b:123:8:125:Infinity:undefined:undefined:undefined:undefined":36,"s:123:8:125:Infinity":28,"b:123:12:123:23:123:23:123:46":37,"s:124:12:124:Infinity":29,"s:128:32:132:Infinity":30,"b:134:8:137:Infinity:undefined:undefined:undefined:undefined":38,"s:134:8:137:Infinity":31,"s:135:12:135:Infinity":32,"s:136:12:136:Infinity":33,"s:139:8:139:Infinity":34,"f:142:10:142:21":4,"s:143:35:143:Infinity":35,"b:144:8:144:Infinity:undefined:undefined:undefined:undefined":39,"s:144:8:144:Infinity":36,"s:144:19:144:Infinity":37,"s:149:31:151:Infinity":38,"b:150:14:150:Infinity:151:14:151:Infinity":40,"b:151:29:151:45:151:45:151:47":41,"s:152:8:152:Infinity":39,"s:154:26:175:Infinity":40,"b:158:24:158:40:158:40:158:55:158:55:158:Infinity":42,"b:159:27:159:42:159:42:159:Infinity":43,"b:160:27:160:44:160:44:160:Infinity":44,"b:167:22:167:35:167:35:167:Infinity":45,"b:168:27:168:45:168:45:168:Infinity":46,"b:169:32:169:55:169:55:169:Infinity":47,"b:177:8:177:Infinity:undefined:undefined:undefined:undefined":48,"s:177:8:177:Infinity":41,"s:177:19:177:Infinity":42,"s:178:8:178:Infinity":43,"f:181:10:181:20":5,"s:182:35:182:Infinity":44,"b:183:8:183:Infinity:undefined:undefined:undefined:undefined":49,"s:183:8:183:Infinity":45,"s:183:19:183:Infinity":46,"s:185:26:191:Infinity":47,"b:193:8:193:Infinity:undefined:undefined:undefined:undefined":50,"s:193:8:193:Infinity":48,"s:193:19:193:Infinity":49,"f:197:10:197:21":6,"s:198:26:201:Infinity":50,"b:203:8:203:Infinity:undefined:undefined:undefined:undefined":51,"s:203:8:203:Infinity":51,"s:203:19:203:Infinity":52,"f:206:10:206:23":7,"s:207:35:207:Infinity":53,"b:208:8:208:Infinity:undefined:undefined:undefined:undefined":52,"s:208:8:208:Infinity":54,"s:208:19:208:Infinity":55,"s:210:26:214:Infinity":56,"b:216:8:216:Infinity:undefined:undefined:undefined:undefined":53,"s:216:8:216:Infinity":57,"s:216:19:216:Infinity":58,"f:220:10:220:25":8,"s:221:35:221:Infinity":59,"b:222:8:222:Infinity:undefined:undefined:undefined:undefined":54,"s:222:8:222:Infinity":60,"s:222:19:222:Infinity":61,"s:224:32:227:Infinity":62,"b:229:8:229:Infinity:undefined:undefined:undefined:undefined":55,"s:229:8:229:Infinity":63,"s:229:19:229:Infinity":64,"s:230:8:230:Infinity":65,"b:230:15:230:23:230:23:230:Infinity":56,"f:233:10:233:23":9,"s:234:35:234:Infinity":66,"b:235:8:235:Infinity:undefined:undefined:undefined:undefined":57,"s:235:8:235:Infinity":67,"s:235:19:235:Infinity":68,"s:237:32:244:Infinity":69,"b:246:8:246:Infinity:undefined:undefined:undefined:undefined":58,"s:246:8:246:Infinity":70,"s:246:19:246:Infinity":71,"s:247:8:247:Infinity":72,"f:250:10:250:23":10,"s:251:26:254:Infinity":73,"b:256:8:256:Infinity:undefined:undefined:undefined:undefined":59,"s:256:8:256:Infinity":74,"s:256:19:256:Infinity":75}}}
}
